[INFO] Scanning for projects...
[INFO] 
[INFO] ----------------------< CarrerSathi:CarrerSathi >-----------------------
[INFO] Building CarrerSathi 0.0.1-SNAPSHOT
[INFO]   from pom.xml
[INFO] --------------------------------[ jar ]---------------------------------
[INFO] 
[INFO] >>> spring-boot:3.2.2:run (default-cli) > test-compile @ CarrerSathi >>>
[INFO] 
[INFO] --- resources:3.3.1:resources (default-resources) @ CarrerSathi ---
[INFO] Copying 1 resource from src\main\resources to target\classes
[INFO] Copying 7 resources from src\main\resources to target\classes
[INFO] 
[INFO] --- compiler:3.11.0:compile (default-compile) @ CarrerSathi ---
[INFO] Nothing to compile - all classes are up to date
[INFO] 
[INFO] --- resources:3.3.1:testResources (default-testResources) @ CarrerSathi ---
[INFO] skip non existing resourceDirectory C:\Users\KIIT\OneDrive\Desktop\CareerSaathi\src\test\resources
[INFO] 
[INFO] --- compiler:3.11.0:testCompile (default-testCompile) @ CarrerSathi ---
[INFO] Nothing to compile - all classes are up to date
[INFO] 
[INFO] <<< spring-boot:3.2.2:run (default-cli) < test-compile @ CarrerSathi <<<
[INFO] 
[INFO] 
[INFO] --- spring-boot:3.2.2:run (default-cli) @ CarrerSathi ---
[INFO] Attaching agents: []

  .   ____          _            __ _ _
 /\\ / ___'_ __ _ _(_)_ __  __ _ \ \ \ \
( ( )\___ | '_ | '_| | '_ \/ _` | \ \ \ \
 \\/  ___)| |_)| | | | | || (_| |  ) ) ) )
  '  |____| .__|_| |_|_| |_\__, | / / / /
 =========|_|==============|___/=/_/_/_/
 :: Spring Boot ::                (v3.2.2)

2026-02-21T01:58:42.266+05:30  INFO 27888 --- [CarrerSathi] [  restartedMain] com.carrersathi.CarrerSathiApplication   : Starting CarrerSathiApplication using Java 18.0.2 with PID 27888 (C:\Users\KIIT\OneDrive\Desktop\CareerSaathi\target\classes started by KIIT in C:\Users\KIIT\OneDrive\Desktop\CareerSaathi)
2026-02-21T01:58:42.269+05:30  INFO 27888 --- [CarrerSathi] [  restartedMain] com.carrersathi.CarrerSathiApplication   : No active profile set, falling back to 1 default profile: "default"
2026-02-21T01:58:42.372+05:30  INFO 27888 --- [CarrerSathi] [  restartedMain] .e.DevToolsPropertyDefaultsPostProcessor : Devtools property defaults active! Set 'spring.devtools.add-properties' to 'false' to disable
2026-02-21T01:58:42.372+05:30  INFO 27888 --- [CarrerSathi] [  restartedMain] .e.DevToolsPropertyDefaultsPostProcessor : For additional web related logging consider setting the 'logging.level.web' property to 'DEBUG'
2026-02-21T01:58:44.559+05:30  INFO 27888 --- [CarrerSathi] [  restartedMain] o.s.b.w.embedded.tomcat.TomcatWebServer  : Tomcat initialized with port 1111 (http)
2026-02-21T01:58:44.579+05:30  INFO 27888 --- [CarrerSathi] [  restartedMain] o.apache.catalina.core.StandardService   : Starting service [Tomcat]
2026-02-21T01:58:44.579+05:30  INFO 27888 --- [CarrerSathi] [  restartedMain] o.apache.catalina.core.StandardEngine    : Starting Servlet engine: [Apache Tomcat/10.1.18]
2026-02-21T01:58:44.923+05:30  INFO 27888 --- [CarrerSathi] [  restartedMain] org.apache.jasper.servlet.TldScanner     : At least one JAR was scanned for TLDs yet contained no TLDs. Enable debug logging for this logger for a complete list of JARs that were scanned but no TLDs were found in them. Skipping unneeded JARs during scanning can improve startup time and JSP compilation time.
2026-02-21T01:58:44.935+05:30  INFO 27888 --- [CarrerSathi] [  restartedMain] o.a.c.c.C.[Tomcat].[localhost].[/]       : Initializing Spring embedded WebApplicationContext
2026-02-21T01:58:44.936+05:30  INFO 27888 --- [CarrerSathi] [  restartedMain] w.s.c.ServletWebServerApplicationContext : Root WebApplicationContext: initialization completed in 2562 ms
2026-02-21T01:58:45.664+05:30  INFO 27888 --- [CarrerSathi] [  restartedMain] o.s.b.d.a.OptionalLiveReloadServer       : LiveReload server is running on port 35729
2026-02-21T01:58:45.732+05:30  INFO 27888 --- [CarrerSathi] [  restartedMain] o.s.b.w.embedded.tomcat.TomcatWebServer  : Tomcat started on port 1111 (http) with context path ''
2026-02-21T01:58:45.750+05:30  INFO 27888 --- [CarrerSathi] [  restartedMain] com.carrersathi.CarrerSathiApplication   : Started CarrerSathiApplication in 4.105 seconds (process running for 4.92)
^CTerminate batch job (Y/N)? [INFO] ------------------------------------------------------------------------
[INFO] BUILD SUCCESS
[INFO] ------------------------------------------------------------------------
[INFO] Total time:  19.514 s
[INFO] Finished at: 2026-02-21T01:58:58+05:30
[INFO] ------------------------------------------------------------------------
